<?xml version="1.0" encoding="UTF-8"?>
<testng-results ignored="0" total="1" passed="1" failed="0" skipped="0">
  <reporter-output>
  </reporter-output>
  <suite started-at="2019-08-28T13:15:19Z" name="Default suite" finished-at="2019-08-28T13:15:39Z" duration-ms="20406">
    <groups>
    </groups>
    <test started-at="2019-08-28T13:15:19Z" name="Default test" finished-at="2019-08-28T13:15:39Z" duration-ms="20406">
      <class name="rediff.com.test">
        <test-method signature="run()[pri:0, instance:rediff.com.test@780cb77]" started-at="2019-08-28T13:15:19Z" name="run" finished-at="2019-08-28T13:15:39Z" duration-ms="20360" status="PASS">
          <reporter-output>
          </reporter-output>
        </test-method> <!-- run -->
      </class> <!-- rediff.com.test -->
    </test> <!-- Default test -->
  </suite> <!-- Default suite -->
</testng-results>
